<?xml version="1.0" encoding="UTF-8" ?>
<testsuite failures="0" time="0.118" errors="0" skipped="0" tests="2" name="com.imd.focusrx.service.impl.DirectoryServiceImplTest">
  <properties>
    <property name="java.runtime.name" value="OpenJDK Runtime Environment"/>
    <property name="sun.boot.library.path" value="/usr/lib/jvm/java-6-openjdk/jre/lib/amd64"/>
    <property name="java.vm.version" value="19.0-b09"/>
    <property name="java.vm.vendor" value="Sun Microsystems Inc."/>
    <property name="java.vendor.url" value="http://java.sun.com/"/>
    <property name="path.separator" value=":"/>
    <property name="java.vm.name" value="OpenJDK 64-Bit Server VM"/>
    <property name="file.encoding.pkg" value="sun.io"/>
    <property name="user.country" value="US"/>
    <property name="sun.java.launcher" value="SUN_STANDARD"/>
    <property name="sun.os.patch.level" value="unknown"/>
    <property name="java.vm.specification.name" value="Java Virtual Machine Specification"/>
    <property name="user.dir" value="/home/zhaoyou/work/github/test/myfirst/focusrx"/>
    <property name="java.runtime.version" value="1.6.0_20-b20"/>
    <property name="java.awt.graphicsenv" value="sun.awt.X11GraphicsEnvironment"/>
    <property name="basedir" value="/home/zhaoyou/work/github/test/myfirst/focusrx"/>
    <property name="java.endorsed.dirs" value="/usr/lib/jvm/java-6-openjdk/jre/lib/endorsed"/>
    <property name="os.arch" value="amd64"/>
    <property name="surefire.real.class.path" value="/tmp/surefirebooter1659890689186162260.jar"/>
    <property name="java.io.tmpdir" value="/tmp"/>
    <property name="line.separator" value="
"/>
    <property name="java.vm.specification.vendor" value="Sun Microsystems Inc."/>
    <property name="os.name" value="Linux"/>
    <property name="sun.jnu.encoding" value="UTF-8"/>
    <property name="java.library.path" value="/usr/lib/jvm/java-6-openjdk/jre/lib/amd64/server:/usr/lib/jvm/java-6-openjdk/jre/lib/amd64:/usr/lib/jvm/java-6-openjdk/jre/../lib/amd64:/usr/lib64/xulrunner-devel-1.9.2.17:/usr/java/packages/lib/amd64:/usr/lib/jni:/lib:/usr/lib"/>
    <property name="surefire.test.class.path" value="/home/zhaoyou/work/github/test/myfirst/focusrx/target/test-classes:/home/zhaoyou/work/github/test/myfirst/focusrx/target/classes:/home/zhaoyou/.m2/repository/javax/servlet/servlet-api/2.5/servlet-api-2.5.jar:/home/zhaoyou/.m2/repository/javax/servlet/jsp/jsp-api/2.1/jsp-api-2.1.jar:/home/zhaoyou/.m2/repository/javax/servlet/jstl/1.2/jstl-1.2.jar:/home/zhaoyou/.m2/repository/junit/junit/4.8/junit-4.8.jar:/home/zhaoyou/.m2/repository/org/easymock/easymock/3.0/easymock-3.0.jar:/home/zhaoyou/.m2/repository/cglib/cglib-nodep/2.2/cglib-nodep-2.2.jar:/home/zhaoyou/.m2/repository/org/objenesis/objenesis/1.2/objenesis-1.2.jar:/home/zhaoyou/.m2/repository/mysql/mysql-connector-java/5.1.13/mysql-connector-java-5.1.13.jar:/home/zhaoyou/.m2/repository/org/springframework/spring-core/3.0.5.RELEASE/spring-core-3.0.5.RELEASE.jar:/home/zhaoyou/.m2/repository/org/springframework/spring-asm/3.0.5.RELEASE/spring-asm-3.0.5.RELEASE.jar:/home/zhaoyou/.m2/repository/commons-logging/commons-logging/1.1.1/commons-logging-1.1.1.jar:/home/zhaoyou/.m2/repository/org/springframework/spring-context/3.0.5.RELEASE/spring-context-3.0.5.RELEASE.jar:/home/zhaoyou/.m2/repository/org/springframework/spring-aop/3.0.5.RELEASE/spring-aop-3.0.5.RELEASE.jar:/home/zhaoyou/.m2/repository/aopalliance/aopalliance/1.0/aopalliance-1.0.jar:/home/zhaoyou/.m2/repository/org/springframework/spring-beans/3.0.5.RELEASE/spring-beans-3.0.5.RELEASE.jar:/home/zhaoyou/.m2/repository/org/springframework/spring-expression/3.0.5.RELEASE/spring-expression-3.0.5.RELEASE.jar:/home/zhaoyou/.m2/repository/org/springframework/spring-web/3.0.5.RELEASE/spring-web-3.0.5.RELEASE.jar:/home/zhaoyou/.m2/repository/org/springframework/spring-webmvc/3.0.5.RELEASE/spring-webmvc-3.0.5.RELEASE.jar:/home/zhaoyou/.m2/repository/org/springframework/spring-context-support/3.0.5.RELEASE/spring-context-support-3.0.5.RELEASE.jar:/home/zhaoyou/.m2/repository/org/springframework/spring-orm/3.0.5.RELEASE/spring-orm-3.0.5.RELEASE.jar:/home/zhaoyou/.m2/repository/org/springframework/spring-jdbc/3.0.5.RELEASE/spring-jdbc-3.0.5.RELEASE.jar:/home/zhaoyou/.m2/repository/org/springframework/spring-tx/3.0.5.RELEASE/spring-tx-3.0.5.RELEASE.jar:/home/zhaoyou/.m2/repository/org/springframework/spring-test/3.0.5.RELEASE/spring-test-3.0.5.RELEASE.jar:/home/zhaoyou/.m2/repository/org/springframework/spring-aspects/3.0.5.RELEASE/spring-aspects-3.0.5.RELEASE.jar:/home/zhaoyou/.m2/repository/org/springframework/security/spring-security-core/3.0.5.RELEASE/spring-security-core-3.0.5.RELEASE.jar:/home/zhaoyou/.m2/repository/org/aspectj/aspectjrt/1.6.9/aspectjrt-1.6.9.jar:/home/zhaoyou/.m2/repository/org/aspectj/aspectjweaver/1.6.9/aspectjweaver-1.6.9.jar:/home/zhaoyou/.m2/repository/org/springframework/security/spring-security-web/3.0.5.RELEASE/spring-security-web-3.0.5.RELEASE.jar:/home/zhaoyou/.m2/repository/org/springframework/security/spring-security-config/3.0.5.RELEASE/spring-security-config-3.0.5.RELEASE.jar:/home/zhaoyou/.m2/repository/org/hibernate/javax/persistence/hibernate-jpa-2.0-api/1.0.0.Final/hibernate-jpa-2.0-api-1.0.0.Final.jar:/home/zhaoyou/.m2/repository/org/hibernate/hibernate-core/3.5.5-Final/hibernate-core-3.5.5-Final.jar:/home/zhaoyou/.m2/repository/antlr/antlr/2.7.6/antlr-2.7.6.jar:/home/zhaoyou/.m2/repository/commons-collections/commons-collections/3.1/commons-collections-3.1.jar:/home/zhaoyou/.m2/repository/dom4j/dom4j/1.6.1/dom4j-1.6.1.jar:/home/zhaoyou/.m2/repository/xml-apis/xml-apis/1.0.b2/xml-apis-1.0.b2.jar:/home/zhaoyou/.m2/repository/javax/transaction/jta/1.1/jta-1.1.jar:/home/zhaoyou/.m2/repository/org/slf4j/slf4j-api/1.4.2/slf4j-api-1.4.2.jar:/home/zhaoyou/.m2/repository/org/hibernate/hibernate-entitymanager/3.5.5-Final/hibernate-entitymanager-3.5.5-Final.jar:/home/zhaoyou/.m2/repository/org/hibernate/hibernate-annotations/3.5.5-Final/hibernate-annotations-3.5.5-Final.jar:/home/zhaoyou/.m2/repository/org/hibernate/hibernate-commons-annotations/3.2.0.Final/hibernate-commons-annotations-3.2.0.Final.jar:/home/zhaoyou/.m2/repository/cglib/cglib/2.2/cglib-2.2.jar:/home/zhaoyou/.m2/repository/asm/asm/3.1/asm-3.1.jar:/home/zhaoyou/.m2/repository/javassist/javassist/3.9.0.GA/javassist-3.9.0.GA.jar:/home/zhaoyou/.m2/repository/org/hibernate/hibernate-ehcache/3.5.5-Final/hibernate-ehcache-3.5.5-Final.jar:/home/zhaoyou/.m2/repository/net/sf/ehcache/ehcache/1.5.0/ehcache-1.5.0.jar:/home/zhaoyou/.m2/repository/backport-util-concurrent/backport-util-concurrent/3.1/backport-util-concurrent-3.1.jar:/home/zhaoyou/.m2/repository/net/sf/jsr107cache/jsr107cache/1.0/jsr107cache-1.0.jar:/home/zhaoyou/.m2/repository/org/hibernate/hibernate-validator/4.0.2.GA/hibernate-validator-4.0.2.GA.jar:/home/zhaoyou/.m2/repository/javax/validation/validation-api/1.0.0.GA/validation-api-1.0.0.GA.jar:/home/zhaoyou/.m2/repository/javax/xml/bind/jaxb-api/2.2.2/jaxb-api-2.2.2.jar:/home/zhaoyou/.m2/repository/javax/xml/stream/stax-api/1.0-2/stax-api-1.0-2.jar:/home/zhaoyou/.m2/repository/javax/activation/activation/1.1/activation-1.1.jar:/home/zhaoyou/.m2/repository/com/sun/xml/bind/jaxb-impl/2.1.3/jaxb-impl-2.1.3.jar:/home/zhaoyou/.m2/repository/log4j/log4j/1.2.14/log4j-1.2.14.jar:/home/zhaoyou/.m2/repository/org/slf4j/slf4j-log4j12/1.4.2/slf4j-log4j12-1.4.2.jar:/home/zhaoyou/.m2/repository/org/springframework/data/spring-data-jpa/1.0.0.M1/spring-data-jpa-1.0.0.M1.jar:/home/zhaoyou/.m2/repository/org/springframework/data/spring-data-commons-core/1.0.0.M3/spring-data-commons-core-1.0.0.M3.jar:/home/zhaoyou/.m2/repository/org/slf4j/jcl-over-slf4j/1.5.10/jcl-over-slf4j-1.5.10.jar:/home/zhaoyou/.m2/repository/commons-io/commons-io/1.4/commons-io-1.4.jar:/home/zhaoyou/.m2/repository/commons-lang/commons-lang/2.5/commons-lang-2.5.jar:/home/zhaoyou/.m2/repository/commons-codec/commons-codec/1.4/commons-codec-1.4.jar:/home/zhaoyou/.m2/repository/commons-pool/commons-pool/1.5.4/commons-pool-1.5.4.jar:/home/zhaoyou/.m2/repository/commons-fileupload/commons-fileupload/1.2.1/commons-fileupload-1.2.1.jar:/home/zhaoyou/.m2/repository/org/apache/httpcomponents/httpclient/4.0.1/httpclient-4.0.1.jar:/home/zhaoyou/.m2/repository/org/apache/httpcomponents/httpcore/4.0.1/httpcore-4.0.1.jar:/home/zhaoyou/.m2/repository/javax/mail/mail/1.4.3/mail-1.4.3.jar:/home/zhaoyou/.m2/repository/net/jawr/jawr/3.3.2/jawr-3.3.2.jar:/home/zhaoyou/.m2/repository/com/google/code/gson/gson/1.6/gson-1.6.jar:/home/zhaoyou/.m2/repository/org/codehaus/jackson/jackson-core-lgpl/1.7.4/jackson-core-lgpl-1.7.4.jar:/home/zhaoyou/.m2/repository/org/codehaus/jackson/jackson-mapper-lgpl/1.7.4/jackson-mapper-lgpl-1.7.4.jar:/home/zhaoyou/.m2/repository/net/sourceforge/jexcelapi/jxl/2.6/jxl-2.6.jar:/home/zhaoyou/.m2/repository/com/artofsolving/jodconverter/2.2.1/jodconverter-2.2.1.jar:/home/zhaoyou/.m2/repository/org/openoffice/juh/2.3.0/juh-2.3.0.jar:/home/zhaoyou/.m2/repository/org/openoffice/jurt/2.3.0/jurt-2.3.0.jar:/home/zhaoyou/.m2/repository/org/openoffice/ridl/2.3.0/ridl-2.3.0.jar:/home/zhaoyou/.m2/repository/org/openoffice/unoil/2.3.0/unoil-2.3.0.jar:/home/zhaoyou/.m2/repository/org/apache/poi/poi-scratchpad/3.1-FINAL/poi-scratchpad-3.1-FINAL.jar:/home/zhaoyou/.m2/repository/org/apache/poi/poi/3.1-FINAL/poi-3.1-FINAL.jar:/home/zhaoyou/.m2/repository/org/apache/velocity/velocity/1.7/velocity-1.7.jar:/home/zhaoyou/.m2/repository/org/freemarker/freemarker/2.3.16/freemarker-2.3.16.jar:"/>
    <property name="java.specification.name" value="Java Platform API Specification"/>
    <property name="java.class.version" value="50.0"/>
    <property name="sun.management.compiler" value="HotSpot 64-Bit Server Compiler"/>
    <property name="os.version" value="2.6.32-31-generic"/>
    <property name="user.home" value="/home/zhaoyou"/>
    <property name="user.timezone" value="Asia/Shanghai"/>
    <property name="java.awt.printerjob" value="sun.print.PSPrinterJob"/>
    <property name="file.encoding" value="UTF-8"/>
    <property name="java.specification.version" value="1.6"/>
    <property name="user.name" value="zhaoyou"/>
    <property name="java.class.path" value="/home/zhaoyou/work/github/test/myfirst/focusrx/target/test-classes:/home/zhaoyou/work/github/test/myfirst/focusrx/target/classes:/home/zhaoyou/.m2/repository/javax/servlet/servlet-api/2.5/servlet-api-2.5.jar:/home/zhaoyou/.m2/repository/javax/servlet/jsp/jsp-api/2.1/jsp-api-2.1.jar:/home/zhaoyou/.m2/repository/javax/servlet/jstl/1.2/jstl-1.2.jar:/home/zhaoyou/.m2/repository/junit/junit/4.8/junit-4.8.jar:/home/zhaoyou/.m2/repository/org/easymock/easymock/3.0/easymock-3.0.jar:/home/zhaoyou/.m2/repository/cglib/cglib-nodep/2.2/cglib-nodep-2.2.jar:/home/zhaoyou/.m2/repository/org/objenesis/objenesis/1.2/objenesis-1.2.jar:/home/zhaoyou/.m2/repository/mysql/mysql-connector-java/5.1.13/mysql-connector-java-5.1.13.jar:/home/zhaoyou/.m2/repository/org/springframework/spring-core/3.0.5.RELEASE/spring-core-3.0.5.RELEASE.jar:/home/zhaoyou/.m2/repository/org/springframework/spring-asm/3.0.5.RELEASE/spring-asm-3.0.5.RELEASE.jar:/home/zhaoyou/.m2/repository/commons-logging/commons-logging/1.1.1/commons-logging-1.1.1.jar:/home/zhaoyou/.m2/repository/org/springframework/spring-context/3.0.5.RELEASE/spring-context-3.0.5.RELEASE.jar:/home/zhaoyou/.m2/repository/org/springframework/spring-aop/3.0.5.RELEASE/spring-aop-3.0.5.RELEASE.jar:/home/zhaoyou/.m2/repository/aopalliance/aopalliance/1.0/aopalliance-1.0.jar:/home/zhaoyou/.m2/repository/org/springframework/spring-beans/3.0.5.RELEASE/spring-beans-3.0.5.RELEASE.jar:/home/zhaoyou/.m2/repository/org/springframework/spring-expression/3.0.5.RELEASE/spring-expression-3.0.5.RELEASE.jar:/home/zhaoyou/.m2/repository/org/springframework/spring-web/3.0.5.RELEASE/spring-web-3.0.5.RELEASE.jar:/home/zhaoyou/.m2/repository/org/springframework/spring-webmvc/3.0.5.RELEASE/spring-webmvc-3.0.5.RELEASE.jar:/home/zhaoyou/.m2/repository/org/springframework/spring-context-support/3.0.5.RELEASE/spring-context-support-3.0.5.RELEASE.jar:/home/zhaoyou/.m2/repository/org/springframework/spring-orm/3.0.5.RELEASE/spring-orm-3.0.5.RELEASE.jar:/home/zhaoyou/.m2/repository/org/springframework/spring-jdbc/3.0.5.RELEASE/spring-jdbc-3.0.5.RELEASE.jar:/home/zhaoyou/.m2/repository/org/springframework/spring-tx/3.0.5.RELEASE/spring-tx-3.0.5.RELEASE.jar:/home/zhaoyou/.m2/repository/org/springframework/spring-test/3.0.5.RELEASE/spring-test-3.0.5.RELEASE.jar:/home/zhaoyou/.m2/repository/org/springframework/spring-aspects/3.0.5.RELEASE/spring-aspects-3.0.5.RELEASE.jar:/home/zhaoyou/.m2/repository/org/springframework/security/spring-security-core/3.0.5.RELEASE/spring-security-core-3.0.5.RELEASE.jar:/home/zhaoyou/.m2/repository/org/aspectj/aspectjrt/1.6.9/aspectjrt-1.6.9.jar:/home/zhaoyou/.m2/repository/org/aspectj/aspectjweaver/1.6.9/aspectjweaver-1.6.9.jar:/home/zhaoyou/.m2/repository/org/springframework/security/spring-security-web/3.0.5.RELEASE/spring-security-web-3.0.5.RELEASE.jar:/home/zhaoyou/.m2/repository/org/springframework/security/spring-security-config/3.0.5.RELEASE/spring-security-config-3.0.5.RELEASE.jar:/home/zhaoyou/.m2/repository/org/hibernate/javax/persistence/hibernate-jpa-2.0-api/1.0.0.Final/hibernate-jpa-2.0-api-1.0.0.Final.jar:/home/zhaoyou/.m2/repository/org/hibernate/hibernate-core/3.5.5-Final/hibernate-core-3.5.5-Final.jar:/home/zhaoyou/.m2/repository/antlr/antlr/2.7.6/antlr-2.7.6.jar:/home/zhaoyou/.m2/repository/commons-collections/commons-collections/3.1/commons-collections-3.1.jar:/home/zhaoyou/.m2/repository/dom4j/dom4j/1.6.1/dom4j-1.6.1.jar:/home/zhaoyou/.m2/repository/xml-apis/xml-apis/1.0.b2/xml-apis-1.0.b2.jar:/home/zhaoyou/.m2/repository/javax/transaction/jta/1.1/jta-1.1.jar:/home/zhaoyou/.m2/repository/org/slf4j/slf4j-api/1.4.2/slf4j-api-1.4.2.jar:/home/zhaoyou/.m2/repository/org/hibernate/hibernate-entitymanager/3.5.5-Final/hibernate-entitymanager-3.5.5-Final.jar:/home/zhaoyou/.m2/repository/org/hibernate/hibernate-annotations/3.5.5-Final/hibernate-annotations-3.5.5-Final.jar:/home/zhaoyou/.m2/repository/org/hibernate/hibernate-commons-annotations/3.2.0.Final/hibernate-commons-annotations-3.2.0.Final.jar:/home/zhaoyou/.m2/repository/cglib/cglib/2.2/cglib-2.2.jar:/home/zhaoyou/.m2/repository/asm/asm/3.1/asm-3.1.jar:/home/zhaoyou/.m2/repository/javassist/javassist/3.9.0.GA/javassist-3.9.0.GA.jar:/home/zhaoyou/.m2/repository/org/hibernate/hibernate-ehcache/3.5.5-Final/hibernate-ehcache-3.5.5-Final.jar:/home/zhaoyou/.m2/repository/net/sf/ehcache/ehcache/1.5.0/ehcache-1.5.0.jar:/home/zhaoyou/.m2/repository/backport-util-concurrent/backport-util-concurrent/3.1/backport-util-concurrent-3.1.jar:/home/zhaoyou/.m2/repository/net/sf/jsr107cache/jsr107cache/1.0/jsr107cache-1.0.jar:/home/zhaoyou/.m2/repository/org/hibernate/hibernate-validator/4.0.2.GA/hibernate-validator-4.0.2.GA.jar:/home/zhaoyou/.m2/repository/javax/validation/validation-api/1.0.0.GA/validation-api-1.0.0.GA.jar:/home/zhaoyou/.m2/repository/javax/xml/bind/jaxb-api/2.2.2/jaxb-api-2.2.2.jar:/home/zhaoyou/.m2/repository/javax/xml/stream/stax-api/1.0-2/stax-api-1.0-2.jar:/home/zhaoyou/.m2/repository/javax/activation/activation/1.1/activation-1.1.jar:/home/zhaoyou/.m2/repository/com/sun/xml/bind/jaxb-impl/2.1.3/jaxb-impl-2.1.3.jar:/home/zhaoyou/.m2/repository/log4j/log4j/1.2.14/log4j-1.2.14.jar:/home/zhaoyou/.m2/repository/org/slf4j/slf4j-log4j12/1.4.2/slf4j-log4j12-1.4.2.jar:/home/zhaoyou/.m2/repository/org/springframework/data/spring-data-jpa/1.0.0.M1/spring-data-jpa-1.0.0.M1.jar:/home/zhaoyou/.m2/repository/org/springframework/data/spring-data-commons-core/1.0.0.M3/spring-data-commons-core-1.0.0.M3.jar:/home/zhaoyou/.m2/repository/org/slf4j/jcl-over-slf4j/1.5.10/jcl-over-slf4j-1.5.10.jar:/home/zhaoyou/.m2/repository/commons-io/commons-io/1.4/commons-io-1.4.jar:/home/zhaoyou/.m2/repository/commons-lang/commons-lang/2.5/commons-lang-2.5.jar:/home/zhaoyou/.m2/repository/commons-codec/commons-codec/1.4/commons-codec-1.4.jar:/home/zhaoyou/.m2/repository/commons-pool/commons-pool/1.5.4/commons-pool-1.5.4.jar:/home/zhaoyou/.m2/repository/commons-fileupload/commons-fileupload/1.2.1/commons-fileupload-1.2.1.jar:/home/zhaoyou/.m2/repository/org/apache/httpcomponents/httpclient/4.0.1/httpclient-4.0.1.jar:/home/zhaoyou/.m2/repository/org/apache/httpcomponents/httpcore/4.0.1/httpcore-4.0.1.jar:/home/zhaoyou/.m2/repository/javax/mail/mail/1.4.3/mail-1.4.3.jar:/home/zhaoyou/.m2/repository/net/jawr/jawr/3.3.2/jawr-3.3.2.jar:/home/zhaoyou/.m2/repository/com/google/code/gson/gson/1.6/gson-1.6.jar:/home/zhaoyou/.m2/repository/org/codehaus/jackson/jackson-core-lgpl/1.7.4/jackson-core-lgpl-1.7.4.jar:/home/zhaoyou/.m2/repository/org/codehaus/jackson/jackson-mapper-lgpl/1.7.4/jackson-mapper-lgpl-1.7.4.jar:/home/zhaoyou/.m2/repository/net/sourceforge/jexcelapi/jxl/2.6/jxl-2.6.jar:/home/zhaoyou/.m2/repository/com/artofsolving/jodconverter/2.2.1/jodconverter-2.2.1.jar:/home/zhaoyou/.m2/repository/org/openoffice/juh/2.3.0/juh-2.3.0.jar:/home/zhaoyou/.m2/repository/org/openoffice/jurt/2.3.0/jurt-2.3.0.jar:/home/zhaoyou/.m2/repository/org/openoffice/ridl/2.3.0/ridl-2.3.0.jar:/home/zhaoyou/.m2/repository/org/openoffice/unoil/2.3.0/unoil-2.3.0.jar:/home/zhaoyou/.m2/repository/org/apache/poi/poi-scratchpad/3.1-FINAL/poi-scratchpad-3.1-FINAL.jar:/home/zhaoyou/.m2/repository/org/apache/poi/poi/3.1-FINAL/poi-3.1-FINAL.jar:/home/zhaoyou/.m2/repository/org/apache/velocity/velocity/1.7/velocity-1.7.jar:/home/zhaoyou/.m2/repository/org/freemarker/freemarker/2.3.16/freemarker-2.3.16.jar:"/>
    <property name="java.vm.specification.version" value="1.0"/>
    <property name="sun.arch.data.model" value="64"/>
    <property name="java.home" value="/usr/lib/jvm/java-6-openjdk/jre"/>
    <property name="java.specification.vendor" value="Sun Microsystems Inc."/>
    <property name="user.language" value="en"/>
    <property name="java.vm.info" value="mixed mode"/>
    <property name="java.version" value="1.6.0_20"/>
    <property name="java.ext.dirs" value="/usr/lib/jvm/java-6-openjdk/jre/lib/ext:/usr/java/packages/lib/ext"/>
    <property name="sun.boot.class.path" value="/usr/lib/jvm/java-6-openjdk/jre/lib/resources.jar:/usr/lib/jvm/java-6-openjdk/jre/lib/rt.jar:/usr/lib/jvm/java-6-openjdk/jre/lib/sunrsasign.jar:/usr/lib/jvm/java-6-openjdk/jre/lib/jsse.jar:/usr/lib/jvm/java-6-openjdk/jre/lib/jce.jar:/usr/lib/jvm/java-6-openjdk/jre/lib/charsets.jar:/usr/lib/jvm/java-6-openjdk/jre/lib/netx.jar:/usr/lib/jvm/java-6-openjdk/jre/lib/plugin.jar:/usr/lib/jvm/java-6-openjdk/jre/lib/rhino.jar:/usr/lib/jvm/java-6-openjdk/jre/lib/modules/jdk.boot.jar:/usr/lib/jvm/java-6-openjdk/jre/classes"/>
    <property name="java.vendor" value="Sun Microsystems Inc."/>
    <property name="localRepository" value="/home/zhaoyou/.m2/repository"/>
    <property name="file.separator" value="/"/>
    <property name="java.vendor.url.bug" value="http://java.sun.com/cgi-bin/bugreport.cgi"/>
    <property name="sun.cpu.endian" value="little"/>
    <property name="sun.io.unicode.encoding" value="UnicodeLittle"/>
    <property name="sun.desktop" value="gnome"/>
    <property name="sun.cpu.isalist" value=""/>
  </properties>
  <testcase time="0.095" classname="com.imd.focusrx.service.impl.DirectoryServiceImplTest" name="testAdd"/>
  <testcase time="0.021" classname="com.imd.focusrx.service.impl.DirectoryServiceImplTest" name="init"/>
</testsuite>